Added Component: Designator=Q1(TOP227YN)
Add component (AddParameter): Name = "LatestRevisionDate"; Value = "17-Jul-2002"; VariantName = "[No Variations]"
Add component (AddParameter): Name = "LatestRevisionNote"; Value = "Re-released for DXP Platform."; VariantName = "[No Variations]"
Add component (AddParameter): Name = "PackageDescription"; Value = "TO, Flat Index; 3 In-Line, Axial Leads; Body Dia. 4.6mm; Lead Dia. 0.5 mm (max)"; VariantName = "[No Variations]"
Add component (AddParameter): Name = "PackageReference"; Value = "E3"; VariantName = "[No Variations]"
Add component (AddParameter): Name = "PackageVersion"; Value = "1995/1996"; VariantName = "[No Variations]"
Add component (AddParameter): Name = "Published"; Value = "8-Jun-2000"; VariantName = "[No Variations]"
Add component (AddParameter): Name = "Publisher"; Value = "Altium Limited"; VariantName = "[No Variations]"
Added Pin To Net: NetName=NetC2_1 Pin=Q1-1
Added Pin To Net: NetName=NetP7_1 Pin=Q1-2
Added Pin To Net: NetName=NetC3_2 Pin=Q1-3
Added Member To Class: ClassName=Fly-Back Member=Component Q1 TOP227YN
Added Room: Name=Amplificador Clase D
Added Room: Name=Filtros
Added Room: Name=Fly-Back
Added Room: Name=Ganancia
Added Room: Name=Generador De Retardo
Added Room: Name=Mosfet Driver
Added Room: Name=Pasa Altos
Added Room: Name=Pasa Bajos
Added Room: Name=Pasa Banda Inferior
Added Room: Name=Pasa Banda Superior
Added Room: Name=Step Down
Added Room: Name=Triangular
