Change Component Footprint: Designator=D1 Old Footprint=TO-220AC New Footprint=TO-220_A
Change Component Footprint: Designator=D5 Old Footprint=TO-220AC New Footprint=TO-220_A
Added Pin To Net: NetName=32V Pin=C25-1
Added Pin To Net: NetName=GND Pin=C25-2
Added Pin To Net: NetName=24V Pin=C26-1
Added Pin To Net: NetName=GND Pin=C26-2
Added Pin To Net: NetName=12V Pin=C27-1
Added Pin To Net: NetName=GND Pin=C27-2
Added Pin To Net: NetName=NetC33_1 Pin=C33-1
Added Pin To Net: NetName=NetC33_2 Pin=C33-2
Added Pin To Net: NetName=NetC34_1 Pin=C34-1
Added Pin To Net: NetName=NetC34_2 Pin=C34-2
Added Pin To Net: NetName=NetC34_2 Pin=C35-1
Added Pin To Net: NetName=NetC34_1 Pin=C35-2
Added Pin To Net: NetName=12V Pin=C36-1
Added Pin To Net: NetName=GND Pin=C36-2
Added Pin To Net: NetName=GND Pin=C37-1
Added Pin To Net: NetName=12V Pin=C37-2
Added Pin To Net: NetName=NetC34_2 Pin=C38-1
Added Pin To Net: NetName=NetC38_2 Pin=C38-2
Added Pin To Net: NetName=32V Pin=C39-1
Added Pin To Net: NetName=NetC39_2 Pin=C39-2
Added Pin To Net: NetName=GND Pin=C40-1
Added Pin To Net: NetName=NetC40_2 Pin=C40-2
Added Pin To Net: NetName=24V Pin=C41-1
Added Pin To Net: NetName=GND Pin=C41-2
Added Pin To Net: NetName=NetC42_1 Pin=C42-1
Added Pin To Net: NetName=GND Pin=C42-2
Added Pin To Net: NetName=Net*1_5 Pin=C43-1
Added Pin To Net: NetName=Net*1_6 Pin=C43-2
Added Pin To Net: NetName=Net*1_10 Pin=C44-1
Added Pin To Net: NetName=GND Pin=C44-2
Added Pin To Net: NetName=NetC45_1 Pin=C45-1
Added Pin To Net: NetName=NetC45_2 Pin=C45-2
Added Pin To Net: NetName=NetC46_1 Pin=C46-1
Added Pin To Net: NetName=NetC46_2 Pin=C46-2
Added Pin To Net: NetName=12V Pin=C47-1
Added Pin To Net: NetName=NetC47_2 Pin=C47-2
Added Pin To Net: NetName=12V Pin=C48-1
Added Pin To Net: NetName=NetC48_2 Pin=C48-2
Added Pin To Net: NetName=NetC49_1 Pin=C49-1
Added Pin To Net: NetName=NetC49_2 Pin=C49-2
Added Pin To Net: NetName=NetC50_1 Pin=C50-1
Added Pin To Net: NetName=NetC50_2 Pin=C50-2
Added Pin To Net: NetName=NetC51_1 Pin=C51-1
Added Pin To Net: NetName=NetC51_2 Pin=C51-2
Added Pin To Net: NetName=NetC52_1 Pin=C52-1
Added Pin To Net: NetName=NetC52_2 Pin=C52-2
Added Pin To Net: NetName=12V Pin=C53-1
Added Pin To Net: NetName=NetC49_1 Pin=C53-2
Added Pin To Net: NetName=12V Pin=C54-1
Added Pin To Net: NetName=NetC50_1 Pin=C54-2
Added Pin To Net: NetName=12V Pin=C55-1
Added Pin To Net: NetName=NetC51_1 Pin=C55-2
Added Pin To Net: NetName=12V Pin=C56-1
Added Pin To Net: NetName=NetC52_1 Pin=C56-2
Added Pin To Net: NetName=NetC57_1 Pin=C57-1
Added Pin To Net: NetName=NetC57_2 Pin=C57-2
Added Pin To Net: NetName=NetC58_1 Pin=C58-1
Added Pin To Net: NetName=NetC57_1 Pin=C58-2
Added Pin To Net: NetName=NetC59_1 Pin=C59-1
Added Pin To Net: NetName=NetC59_2 Pin=C59-2
Added Pin To Net: NetName=NetC60_1 Pin=C60-1
Added Pin To Net: NetName=NetC59_1 Pin=C60-2
Added Pin To Net: NetName=NetC61_1 Pin=C61-1
Added Pin To Net: NetName=NetC61_2 Pin=C61-2
Added Pin To Net: NetName=NetC62_1 Pin=C62-1
Added Pin To Net: NetName=NetC62_2 Pin=C62-2
Added Pin To Net: NetName=NetC63_1 Pin=C63-1
Added Pin To Net: NetName=NetC63_2 Pin=C63-2
Added Pin To Net: NetName=NetC64_1 Pin=C64-1
Added Pin To Net: NetName=NetC64_2 Pin=C64-2
Added Pin To Net: NetName=12V Pin=C65-1
Added Pin To Net: NetName=NetC61_1 Pin=C65-2
Added Pin To Net: NetName=12V Pin=C66-1
Added Pin To Net: NetName=NetC62_1 Pin=C66-2
Added Pin To Net: NetName=12V Pin=C67-1
Added Pin To Net: NetName=NetC63_1 Pin=C67-2
Added Pin To Net: NetName=12V Pin=C68-1
Added Pin To Net: NetName=NetC64_1 Pin=C68-2
Added Pin To Net: NetName=NetC69_1 Pin=C69-1
Added Pin To Net: NetName=Bluetooth Pin=C69-2
Added Pin To Net: NetName=24V Pin=C70-1
Added Pin To Net: NetName=12V Pin=C70-2
Added Pin To Net: NetName=Logic supply Pin=C71-1
Added Pin To Net: NetName=12V Pin=C71-2
Added Pin To Net: NetName=NetC63_1 Pin=C72-1
Added Pin To Net: NetName=NetC63_2 Pin=C72-2
Added Pin To Net: NetName=12V Pin=C73-1
Added Pin To Net: NetName=NetC63_1 Pin=C73-2
Added Pin To Net: NetName=GND Pin=C74-1
Added Pin To Net: NetName=Net_7 Pin=C74-2
Added Pin To Net: NetName=GND Pin=C75-1
Added Pin To Net: NetName=Net_11 Pin=C75-2
Added Pin To Net: NetName=NetD23_1 Pin=D23-1
Added Pin To Net: NetName=NetD23_2 Pin=D23-2
Added Pin To Net: NetName=12V Pin=D24-1
Added Pin To Net: NetName=NetC34_1 Pin=D24-2
Added Pin To Net: NetName=NetD25_1 Pin=D25-1
Added Pin To Net: NetName=NetD25_2 Pin=D25-2
Added Pin To Net: NetName=Net_2 Pin=D26-1
Added Pin To Net: NetName=Net_7 Pin=D26-2
Added Pin To Net: NetName=Net_10 Pin=D27-1
Added Pin To Net: NetName=Net_11 Pin=D27-2
Added Pin To Net: NetName=NetF3_1 Pin=F3-1
Added Pin To Net: NetName=NetF3_1 Pin=F3-1
Added Pin To Net: NetName=64V Pin=F3-2
Added Pin To Net: NetName=64V Pin=F3-2
Added Pin To Net: NetName=GND Pin=F4-1
Added Pin To Net: NetName=GND Pin=F4-1
Added Pin To Net: NetName=NetF4_2 Pin=F4-2
Added Pin To Net: NetName=NetF4_2 Pin=F4-2
Added Pin To Net: NetName=NetC33_1 Pin=Jack1-1
Added Pin To Net: NetName=NetC33_1 Pin=Jack1-1
Added Pin To Net: NetName=12V Pin=Jack1-3
Added Pin To Net: NetName=NetJack_1 Pin=Jack-1
Added Pin To Net: NetName=NetJack_1 Pin=Jack-1
Added Pin To Net: NetName=12V Pin=Jack-3
Added Pin To Net: NetName=NetLED3_1 Pin=LED3-1
Added Pin To Net: NetName=12V Pin=LED3-2
Added Pin To Net: NetName=NetP1_2 Pin=P1-2
Added Pin To Net: NetName=Logic supply Pin=P1-3
Added Pin To Net: NetName=NetC69_1 Pin=P1-4
Added Pin To Net: NetName=12V Pin=P1-6
Added Pin To Net: NetName=Logic supply Pin=P1-7
Added Pin To Net: NetName=24V Pin=P2-1
Added Pin To Net: NetName=12V Pin=P2-2
Added Pin To Net: NetName=GND Pin=P2-3
Added Pin To Net: NetName=NetP3_1 Pin=P3-1
Added Pin To Net: NetName=SDI Pin=P3-2
Added Pin To Net: NetName=CS Pin=P3-3
Added Pin To Net: NetName=CLK Pin=P3-4
Added Pin To Net: NetName=NetF4_2 Pin=P8-1
Added Pin To Net: NetName=32V Pin=P8-2
Added Pin To Net: NetName=NetF3_1 Pin=P8-3
Added Pin To Net: NetName=NetC39_2 Pin=P9-1
Added Pin To Net: NetName=32V Pin=P9-2
Added Pin To Net: NetName=12V Pin=R8-1
Added Pin To Net: NetName=NetC33_2 Pin=R8-2
Added Pin To Net: NetName=NetC39_2 Pin=R9-1
Added Pin To Net: NetName=NetR9_2 Pin=R9-2
Added Pin To Net: NetName=GND Pin=R10-1
Added Pin To Net: NetName=NetR9_2 Pin=R10-2
Added Pin To Net: NetName=NetR30_1 Pin=R30-1
Added Pin To Net: NetName=Net_3 Pin=R30-2
Added Pin To Net: NetName=GND Pin=R31-1
Added Pin To Net: NetName=Net_3 Pin=R31-2
Added Pin To Net: NetName=Net_7 Pin=R32-1
Added Pin To Net: NetName=Net_2 Pin=R32-2
Added Pin To Net: NetName=Net_10 Pin=R33-1
Added Pin To Net: NetName=Net_11 Pin=R33-2
Added Pin To Net: NetName=NetD23_2 Pin=R34-1
Added Pin To Net: NetName=NetD23_1 Pin=R34-2
Added Pin To Net: NetName=NetC34_2 Pin=R35-1
Added Pin To Net: NetName=NetD23_1 Pin=R35-2
Added Pin To Net: NetName=NetD25_1 Pin=R36-1
Added Pin To Net: NetName=NetD25_2 Pin=R36-2
Added Pin To Net: NetName=NetD25_1 Pin=R37-1
Added Pin To Net: NetName=GND Pin=R37-2
Added Pin To Net: NetName=NetC38_2 Pin=R38-1
Added Pin To Net: NetName=64V Pin=R38-2
Added Pin To Net: NetName=NetC40_2 Pin=R41-1
Added Pin To Net: NetName=NetC34_2 Pin=R41-2
Added Pin To Net: NetName=NetC57_2 Pin=R49-1
Added Pin To Net: NetName=NetC45_1 Pin=R49-2
Added Pin To Net: NetName=NetC45_1 Pin=R50-1
Added Pin To Net: NetName=NetC47_2 Pin=R50-2
Added Pin To Net: NetName=NetC45_2 Pin=R51-1
Added Pin To Net: NetName=NetC46_1 Pin=R51-2
Added Pin To Net: NetName=NetC46_1 Pin=R52-1
Added Pin To Net: NetName=NetC48_2 Pin=R52-2
Added Pin To Net: NetName=12V Pin=R53-1
Added Pin To Net: NetName=NetR53_2 Pin=R53-2
Added Pin To Net: NetName=NetR53_2 Pin=R54-1
Added Pin To Net: NetName=NetR54_2 Pin=R54-2
Added Pin To Net: NetName=12V Pin=R55-1
Added Pin To Net: NetName=NetR55_2 Pin=R55-2
Added Pin To Net: NetName=NetR55_2 Pin=R56-1
Added Pin To Net: NetName=NetR56_2 Pin=R56-2
Added Pin To Net: NetName=12V Pin=R57-1
Added Pin To Net: NetName=NetR57_2 Pin=R57-2
Added Pin To Net: NetName=NetR57_2 Pin=R58-1
Added Pin To Net: NetName=NetR58_2 Pin=R58-2
Added Pin To Net: NetName=12V Pin=R59-1
Added Pin To Net: NetName=NetR59_2 Pin=R59-2
Added Pin To Net: NetName=NetR59_2 Pin=R60-1
Added Pin To Net: NetName=NetR60_2 Pin=R60-2
Added Pin To Net: NetName=NetC49_1 Pin=R61-1
Added Pin To Net: NetName=NetR54_2 Pin=R61-2
Added Pin To Net: NetName=NetC50_1 Pin=R62-1
Added Pin To Net: NetName=NetR62_2 Pin=R62-2
Added Pin To Net: NetName=NetC51_1 Pin=R63-1
Added Pin To Net: NetName=NetR63_2 Pin=R63-2
Added Pin To Net: NetName=NetC52_1 Pin=R64-1
Added Pin To Net: NetName=NetR60_2 Pin=R64-2
Added Pin To Net: NetName=NetC57_2 Pin=R65-1
Added Pin To Net: NetName=NetC49_1 Pin=R65-2
Added Pin To Net: NetName=NetR54_2 Pin=R66-1
Added Pin To Net: NetName=NetC50_1 Pin=R66-2
Added Pin To Net: NetName=NetR67_1 Pin=R67-1
Added Pin To Net: NetName=NetC51_1 Pin=R67-2
Added Pin To Net: NetName=NetR63_2 Pin=R68-1
Added Pin To Net: NetName=NetC52_1 Pin=R68-2
Added Pin To Net: NetName=12V Pin=R69-1
Added Pin To Net: NetName=NetC49_2 Pin=R69-2
Added Pin To Net: NetName=12V Pin=R70-1
Added Pin To Net: NetName=NetC50_2 Pin=R70-2
Added Pin To Net: NetName=12V Pin=R71-1
Added Pin To Net: NetName=NetC51_2 Pin=R71-2
Added Pin To Net: NetName=12V Pin=R72-1
Added Pin To Net: NetName=NetC52_2 Pin=R72-2
Added Pin To Net: NetName=NetC57_1 Pin=R73-1
Added Pin To Net: NetName=NetC59_2 Pin=R73-2
Added Pin To Net: NetName=NetC59_1 Pin=R74-1
Added Pin To Net: NetName=NetR74_2 Pin=R74-2
Added Pin To Net: NetName=12V Pin=R75-1
Added Pin To Net: NetName=NetC58_1 Pin=R75-2
Added Pin To Net: NetName=12V Pin=R76-1
Added Pin To Net: NetName=NetC60_1 Pin=R76-2
Added Pin To Net: NetName=12V Pin=R77-1
Added Pin To Net: NetName=NetR77_2 Pin=R77-2
Added Pin To Net: NetName=NetR77_2 Pin=R78-1
Added Pin To Net: NetName=NetR78_2 Pin=R78-2
Added Pin To Net: NetName=12V Pin=R79-1
Added Pin To Net: NetName=NetR79_2 Pin=R79-2
Added Pin To Net: NetName=NetR79_2 Pin=R80-1
Added Pin To Net: NetName=NetR80_2 Pin=R80-2
Added Pin To Net: NetName=12V Pin=R81-1
Added Pin To Net: NetName=NetR81_2 Pin=R81-2
Added Pin To Net: NetName=NetR81_2 Pin=R82-1
Added Pin To Net: NetName=NetR82_2 Pin=R82-2
Added Pin To Net: NetName=12V Pin=R83-1
Added Pin To Net: NetName=NetR83_2 Pin=R83-2
Added Pin To Net: NetName=NetR83_2 Pin=R84-1
Added Pin To Net: NetName=NetR84_2 Pin=R84-2
Added Pin To Net: NetName=NetC61_1 Pin=R85-1
Added Pin To Net: NetName=NetR78_2 Pin=R85-2
Added Pin To Net: NetName=NetC62_1 Pin=R86-1
Added Pin To Net: NetName=NetR86_2 Pin=R86-2
Added Pin To Net: NetName=NetC63_1 Pin=R87-1
Added Pin To Net: NetName=NetR87_2 Pin=R87-2
Added Pin To Net: NetName=NetC64_1 Pin=R88-1
Added Pin To Net: NetName=NetR88_2 Pin=R88-2
Added Pin To Net: NetName=NetC57_2 Pin=R89-1
Added Pin To Net: NetName=NetC61_1 Pin=R89-2
Added Pin To Net: NetName=NetR78_2 Pin=R90-1
Added Pin To Net: NetName=NetC62_1 Pin=R90-2
Added Pin To Net: NetName=NetR86_2 Pin=R91-1
Added Pin To Net: NetName=NetC63_1 Pin=R91-2
Added Pin To Net: NetName=NetR87_2 Pin=R92-1
Added Pin To Net: NetName=NetC64_1 Pin=R92-2
Added Pin To Net: NetName=12V Pin=R93-1
Added Pin To Net: NetName=NetC61_2 Pin=R93-2
Added Pin To Net: NetName=12V Pin=R94-1
Added Pin To Net: NetName=NetC62_2 Pin=R94-2
Added Pin To Net: NetName=12V Pin=R95-1
Added Pin To Net: NetName=NetC63_2 Pin=R95-2
Added Pin To Net: NetName=12V Pin=R96-1
Added Pin To Net: NetName=NetC64_2 Pin=R96-2
Added Pin To Net: NetName=A1 Pin=R97-1
Added Pin To Net: NetName=NetP3_1 Pin=R97-2
Added Pin To Net: NetName=NetR80_2 Pin=R98-1
Added Pin To Net: NetName=NetR86_2 Pin=R98-2
Added Pin To Net: NetName=A2 Pin=R99-1
Added Pin To Net: NetName=NetP3_1 Pin=R99-2
Added Pin To Net: NetName=NetR82_2 Pin=R100-1
Added Pin To Net: NetName=NetR87_2 Pin=R100-2
Added Pin To Net: NetName=A3 Pin=R101-1
Added Pin To Net: NetName=NetP3_1 Pin=R101-2
Added Pin To Net: NetName=NetR84_2 Pin=R102-1
Added Pin To Net: NetName=NetR88_2 Pin=R102-2
Added Pin To Net: NetName=A4 Pin=R103-1
Added Pin To Net: NetName=NetP3_1 Pin=R103-2
Added Pin To Net: NetName=NetR104_1 Pin=R104-1
Added Pin To Net: NetName=NetC57_2 Pin=R104-2
Added Pin To Net: NetName=Net*_6 Pin=R105-1
Added Pin To Net: NetName=12V Pin=R105-2
Added Pin To Net: NetName=24V Pin=R106-1
Added Pin To Net: NetName=Net*_6 Pin=R106-2
Added Pin To Net: NetName=Net*_9 Pin=R107-1
Added Pin To Net: NetName=12V Pin=R107-2
Added Pin To Net: NetName=GND Pin=R108-1
Added Pin To Net: NetName=Net*_9 Pin=R108-2
Added Pin To Net: NetName=NetR56_2 Pin=R109-1
Added Pin To Net: NetName=NetR67_1 Pin=R109-2
Added Pin To Net: NetName=NetR110_1 Pin=R110-1
Added Pin To Net: NetName=NetC57_2 Pin=R110-2
Added Pin To Net: NetName=NetP1_2 Pin=R112-1
Added Pin To Net: NetName=NetLED3_1 Pin=R112-2
Added Pin To Net: NetName=NetR58_2 Pin=R113-1
Added Pin To Net: NetName=NetR63_2 Pin=R113-2
Added Pin To Net: NetName=NetR62_2 Pin=R114-1
Added Pin To Net: NetName=NetR67_1 Pin=R114-2
Added Pin To Net: NetName=12V Pin=R115-1
Added Pin To Net: NetName=NetC50_2 Pin=R115-2
Added Pin To Net: NetName=12V Pin=R116-1
Added Pin To Net: NetName=NetC51_2 Pin=R116-2
Added Pin To Net: NetName=12V Pin=RP1-1
Added Pin To Net: NetName=NetR9_2 Pin=RP1-2
Added Pin To Net: NetName=NetRP1_3 Pin=RP1-3
Added Pin To Net: NetName=12V Pin=RP2-1
Added Pin To Net: NetName=NetRP2_2 Pin=RP2-2
Added Pin To Net: NetName=NetRP2_3 Pin=RP2-3
Added Pin To Net: NetName=GND Pin=RP3-1
Added Pin To Net: NetName=24V Pin=RP3-2
Added Pin To Net: NetName=NetC42_1 Pin=RP3-3
Added Pin To Net: NetName=NetC42_1 Pin=RP4-1
Added Pin To Net: NetName=Net*1_3 Pin=RP4-2
Added Pin To Net: NetName=Net*1_3 Pin=RP4-3
Added Pin To Net: NetName=12V Pin=RP5-1
Added Pin To Net: NetName=NetR104_1 Pin=RP5-2
Added Pin To Net: NetName=NetRP5_3 Pin=RP5-3
Added Pin To Net: NetName=12V Pin=RP6-1
Added Pin To Net: NetName=NetR110_1 Pin=RP6-2
Added Pin To Net: NetName=NetRP6_3 Pin=RP6-3
Added Pin To Net: NetName=GND Pin=RP7-1
Added Pin To Net: NetName=Net*1_7 Pin=RP7-2
Added Pin To Net: NetName=GND Pin=RP7-3
Added Pin To Net: NetName=24V Pin=U5-1
Added Pin To Net: NetName=GND Pin=U5-2
Added Pin To Net: NetName=32V Pin=U5-3
Added Pin To Net: NetName=12V Pin=U6-1
Added Pin To Net: NetName=GND Pin=U6-2
Added Pin To Net: NetName=24V Pin=U6-3
Added Pin To Net: NetName=Net*1_2 Pin=U8-2
Added Pin To Net: NetName=NetU2_1 Pin=U8-3
Added Pin To Net: NetName=GND Pin=U8-4
Added Pin To Net: NetName=NetR30_1 Pin=U8-6
Added Pin To Net: NetName=24V Pin=U8-7
Added Member To Class: ClassName=Step Down Member=Component C25 Cap Pol1
Added Member To Class: ClassName=Step Down Member=Component C26 Cap Pol1
Added Member To Class: ClassName=Step Down Member=Component C27 Cap Pol1
Added Member To Class: ClassName=Amplificador Clase D Member=Component C33 Cap Pol1
Added Member To Class: ClassName=Mosfet Driver Member=Component C34 Cap Pol1
Added Member To Class: ClassName=Mosfet Driver Member=Component C35 Cap
Added Member To Class: ClassName=Mosfet Driver Member=Component C36 Cap Pol1
Added Member To Class: ClassName=Mosfet Driver Member=Component C37 Cap
Added Member To Class: ClassName=Amplificador Clase D Member=Component C38 Cap
Added Member To Class: ClassName=Amplificador Clase D Member=Component C39 Cap
Added Member To Class: ClassName=Amplificador Clase D Member=Component C40 Cap
Added Member To Class: ClassName=Triangular Member=Component C41 Cap
Added Member To Class: ClassName=Triangular Member=Component C42 Cap Pol1
Added Member To Class: ClassName=Triangular Member=Component C43 Cap
Added Member To Class: ClassName=Triangular Member=Component C44 Cap
Added Member To Class: ClassName=Pasa Bajos Member=Component C45 Cap
Added Member To Class: ClassName=Pasa Bajos Member=Component C46 Cap
Added Member To Class: ClassName=Pasa Bajos Member=Component C47 Cap
Added Member To Class: ClassName=Pasa Bajos Member=Component C48 Cap
Added Member To Class: ClassName=Pasa Banda Inferior Member=Component C49 Cap
Added Member To Class: ClassName=Pasa Banda Inferior Member=Component C50 Cap
Added Member To Class: ClassName=Pasa Banda Inferior Member=Component C51 Cap
Added Member To Class: ClassName=Pasa Banda Inferior Member=Component C52 Cap
Added Member To Class: ClassName=Pasa Banda Inferior Member=Component C53 Cap
Added Member To Class: ClassName=Pasa Banda Inferior Member=Component C54 Cap
Added Member To Class: ClassName=Pasa Banda Inferior Member=Component C55
Added Member To Class: ClassName=Pasa Banda Inferior Member=Component C56 Cap
Added Member To Class: ClassName=Pasa Altos Member=Component C57 Cap
Added Member To Class: ClassName=Pasa Altos Member=Component C58 Cap
Added Member To Class: ClassName=Pasa Altos Member=Component C59 Cap
Added Member To Class: ClassName=Pasa Altos Member=Component C60 Cap
Added Member To Class: ClassName=Pasa Banda Superior Member=Component C61 Cap
Added Member To Class: ClassName=Pasa Banda Superior Member=Component C62 Cap
Added Member To Class: ClassName=Pasa Banda Superior Member=Component C63 Cap
Added Member To Class: ClassName=Pasa Banda Superior Member=Component C64 Cap
Added Member To Class: ClassName=Pasa Banda Superior Member=Component C65 Cap
Added Member To Class: ClassName=Pasa Banda Superior Member=Component C66 Cap
Added Member To Class: ClassName=Pasa Banda Superior Member=Component C67 Cap
Added Member To Class: ClassName=Pasa Banda Superior Member=Component C68 Cap
Added Member To Class: ClassName=Filtros Member=Component C69 Cap Pol1
Added Member To Class: ClassName=Filtros Member=Component C70 Cap Pol1
Added Member To Class: ClassName=Filtros Member=Component C71 Cap Pol1
Added Member To Class: ClassName=Pasa Banda Superior Member=Component C72 Cap
Added Member To Class: ClassName=Pasa Banda Superior Member=Component C73 Cap
Added Member To Class: ClassName=Generador De Retardo Member=Component C74 Cap
Added Member To Class: ClassName=Generador De Retardo Member=Component C75 Cap
Added Member To Class: ClassName=Fly-Back Member=Component D4 RS405M
Added Member To Class: ClassName=Mosfet Driver Member=Component D23 Diode 1N4148
Added Member To Class: ClassName=Mosfet Driver Member=Component D24 Diode 1N4148
Added Member To Class: ClassName=Mosfet Driver Member=Component D25 Diode 1N4148
Added Member To Class: ClassName=Generador De Retardo Member=Component D26 Diode 1N4148
Added Member To Class: ClassName=Generador De Retardo Member=Component D27 Diode 1N4148
Added Member To Class: ClassName=Amplificador Clase D Member=Component F3 Fuse 1
Added Member To Class: ClassName=Amplificador Clase D Member=Component F4 Fuse 1
Added Member To Class: ClassName=Amplificador Clase D Member=Component Jack1 Jack 3.5mm
Added Member To Class: ClassName=Filtros Member=Component Jack Jack 3.5mm
Added Member To Class: ClassName=Filtros Member=Component LED3 Diodo Led
Added Member To Class: ClassName=Filtros Member=Component P1 Bluetooth audio
Added Member To Class: ClassName=Filtros Member=Component P2 Header 3
Added Member To Class: ClassName=Filtros Member=Component P3 Header 4
Added Member To Class: ClassName=Amplificador Clase D Member=Component P8 Header 3
Added Member To Class: ClassName=Amplificador Clase D Member=Component P9 Header 2H
Added Member To Class: ClassName=Amplificador Clase D Member=Component R8 Res2
Added Member To Class: ClassName=Amplificador Clase D Member=Component R9 Res2
Added Member To Class: ClassName=Amplificador Clase D Member=Component R10 Res2
Added Member To Class: ClassName=Amplificador Clase D Member=Component R30 Res2
Added Member To Class: ClassName=Amplificador Clase D Member=Component R31 Res2
Added Member To Class: ClassName=Generador De Retardo Member=Component R32 Res2
Added Member To Class: ClassName=Generador De Retardo Member=Component R33 Res2
Added Member To Class: ClassName=Mosfet Driver Member=Component R34 Res2
Added Member To Class: ClassName=Mosfet Driver Member=Component R35 Res2
Added Member To Class: ClassName=Mosfet Driver Member=Component R36 Res2
Added Member To Class: ClassName=Mosfet Driver Member=Component R37 Res2
Added Member To Class: ClassName=Amplificador Clase D Member=Component R38 Res2
Added Member To Class: ClassName=Amplificador Clase D Member=Component R41 Res2
Added Member To Class: ClassName=Pasa Bajos Member=Component R49 Res2
Added Member To Class: ClassName=Pasa Bajos Member=Component R50 Res2
Added Member To Class: ClassName=Pasa Bajos Member=Component R51 Res2
Added Member To Class: ClassName=Pasa Bajos Member=Component R52 Res2
Added Member To Class: ClassName=Pasa Banda Inferior Member=Component R53 Res2
Added Member To Class: ClassName=Pasa Banda Inferior Member=Component R54 Res2
Added Member To Class: ClassName=Pasa Banda Inferior Member=Component R55 Res2
Added Member To Class: ClassName=Pasa Banda Inferior Member=Component R56 Res2
Added Member To Class: ClassName=Pasa Banda Inferior Member=Component R57 Res2
Added Member To Class: ClassName=Pasa Banda Inferior Member=Component R58 Res2
Added Member To Class: ClassName=Pasa Banda Inferior Member=Component R59 Res2
Added Member To Class: ClassName=Pasa Banda Inferior Member=Component R60 Res2
Added Member To Class: ClassName=Pasa Banda Inferior Member=Component R61 Res2
Added Member To Class: ClassName=Pasa Banda Inferior Member=Component R62 Res2
Added Member To Class: ClassName=Pasa Banda Inferior Member=Component R63 Res2
Added Member To Class: ClassName=Pasa Banda Inferior Member=Component R64 Res2
Added Member To Class: ClassName=Pasa Banda Inferior Member=Component R65 Res2
Added Member To Class: ClassName=Pasa Banda Inferior Member=Component R66 Res2
Added Member To Class: ClassName=Pasa Banda Inferior Member=Component R67 Res2
Added Member To Class: ClassName=Pasa Banda Inferior Member=Component R68 Res2
Added Member To Class: ClassName=Pasa Banda Inferior Member=Component R69 Res2
Added Member To Class: ClassName=Pasa Banda Inferior Member=Component R70 Res2
Added Member To Class: ClassName=Pasa Banda Inferior Member=Component R71
Added Member To Class: ClassName=Pasa Banda Inferior Member=Component R72 Res2
Added Member To Class: ClassName=Pasa Altos Member=Component R73 Res2
Added Member To Class: ClassName=Pasa Altos Member=Component R74 Res2
Added Member To Class: ClassName=Pasa Altos Member=Component R75 Res2
Added Member To Class: ClassName=Pasa Altos Member=Component R76 Res2
Added Member To Class: ClassName=Pasa Banda Superior Member=Component R77 Res2
Added Member To Class: ClassName=Pasa Banda Superior Member=Component R78 Res2
Added Member To Class: ClassName=Pasa Banda Superior Member=Component R79 Res2
Added Member To Class: ClassName=Pasa Banda Superior Member=Component R80 Res2
Added Member To Class: ClassName=Pasa Banda Superior Member=Component R81 Res2
Added Member To Class: ClassName=Pasa Banda Superior Member=Component R82 Res2
Added Member To Class: ClassName=Pasa Banda Superior Member=Component R83 Res2
Added Member To Class: ClassName=Pasa Banda Superior Member=Component R84 Res2
Added Member To Class: ClassName=Pasa Banda Superior Member=Component R85 Res2
Added Member To Class: ClassName=Pasa Banda Superior Member=Component R86 Res2
Added Member To Class: ClassName=Pasa Banda Superior Member=Component R87 Res2
Added Member To Class: ClassName=Pasa Banda Superior Member=Component R88 Res2
Added Member To Class: ClassName=Pasa Banda Superior Member=Component R89 Res2
Added Member To Class: ClassName=Pasa Banda Superior Member=Component R90 Res2
Added Member To Class: ClassName=Pasa Banda Superior Member=Component R91 Res2
Added Member To Class: ClassName=Pasa Banda Superior Member=Component R92 Res2
Added Member To Class: ClassName=Pasa Banda Superior Member=Component R93 Res2
Added Member To Class: ClassName=Pasa Banda Superior Member=Component R94 Res2
Added Member To Class: ClassName=Pasa Banda Superior Member=Component R95 Res2
Added Member To Class: ClassName=Pasa Banda Superior Member=Component R96 Res2
Added Member To Class: ClassName=Ganancia Member=Component R97 Res2
Added Member To Class: ClassName=Pasa Banda Superior Member=Component R98 Res2
Added Member To Class: ClassName=Ganancia Member=Component R99 Res2
Added Member To Class: ClassName=Pasa Banda Superior Member=Component R100 Res2
Added Member To Class: ClassName=Ganancia Member=Component R101 Res2
Added Member To Class: ClassName=Pasa Banda Superior Member=Component R102 Res2
Added Member To Class: ClassName=Ganancia Member=Component R103 Res2
Added Member To Class: ClassName=Filtros Member=Component R104 Res2
Added Member To Class: ClassName=Ganancia Member=Component R105 Res2
Added Member To Class: ClassName=Ganancia Member=Component R106 Res2
Added Member To Class: ClassName=Ganancia Member=Component R107 Res2
Added Member To Class: ClassName=Ganancia Member=Component R108 Res2
Added Member To Class: ClassName=Pasa Banda Inferior Member=Component R109 Res2
Added Member To Class: ClassName=Filtros Member=Component R110 Res2
Added Member To Class: ClassName=Filtros Member=Component R112 1K
Added Member To Class: ClassName=Pasa Banda Inferior Member=Component R113 Res2
Added Member To Class: ClassName=Pasa Banda Inferior Member=Component R114 Res2
Added Member To Class: ClassName=Pasa Banda Inferior Member=Component R115 Res2
Added Member To Class: ClassName=Pasa Banda Inferior Member=Component R116
Added Member To Class: ClassName=Amplificador Clase D Member=Component RP1 Trimpot
Added Member To Class: ClassName=Amplificador Clase D Member=Component RP2 Trimpot
Added Member To Class: ClassName=Triangular Member=Component RP3 Trimpot
Added Member To Class: ClassName=Triangular Member=Component RP4 Trimpot
Added Member To Class: ClassName=Filtros Member=Component RP5 Trimpot
Added Member To Class: ClassName=Filtros Member=Component RP6 Trimpot
Added Member To Class: ClassName=Triangular Member=Component RP7 Trimpot
Added Member To Class: ClassName=Step Down Member=Component U5 LM7824
Added Member To Class: ClassName=Step Down Member=Component U6 LM7812
Added Member To Class: ClassName=Amplificador Clase D Member=Component U8 LM318N
Added Room: Name=Fly-Back
